src-tauri/gen/android/app/build/outputs/mapping/release/seeds.txt
com.wasmimageprocessor.app.MainActivity
com.wasmimageprocessor.app.MainActivity$onCreate$5
com.wasmimageprocessor.app.MainActivity$onCreate$4
com.wasmimageprocessor.app.MainActivity$onCreate$4: MainActivity$onCreate$4()
com.wasmimageprocessor.app.MainActivity: MainActivity()
...
com.google.android.material.bottomappbar.BottomAppBar$SavedState
org.chromium.support_lib_boundary.ServiceWorkerClientBoundaryInterface
androidx.lifecycle.ReportFragment
com.google.android.material.bottomsheet.BottomSheetBehavior$SavedState
androidx.appcompat.widget.ContentFrameLayout
androidx.appcompat.widget.ActivityChooserView$InnerLayout
com.google.android.material.floatingactionbutton.FloatingActionButton$Behavior
com.google.android.material.timepicker.ClockHandView
androidx.fragment.app.FragmentManagerState
androidx.webkit.WebViewClientCompat
androidx.appcompat.widget.SearchView$SavedState
androidx.viewpager.widget.ViewPager$SavedState
org.chromium.support_lib_boundary.WebSettingsBoundaryInterface$WebViewMediaIntegrityApiStatus
org.chromium.support_lib_boundary.WebMessagePortBoundaryInterface
androidx.activity.ComponentActivity$6
androidx.recyclerview.widget.LinearLayoutManager
com.google.android.material.internal.ParcelableSparseArray
androidx.appcompat.widget.ViewStubCompat
androidx.appcompat.widget.SearchView$SearchAutoComplete
androidx.emoji2.text.EmojiCompatInitializer
androidx.versionedparcelable.ParcelImpl
org.chromium.support_lib_boundary.WebResourceErrorBoundaryInterface
androidx.lifecycle.SavedStateHandlesVM
com.google.android.material.checkbox.MaterialCheckBox$SavedState
org.chromium.support_lib_boundary.TracingControllerBoundaryInterface
androidx.appcompat.widget.AlertDialogLayout
org.chromium.support_lib_boundary.WebMessageBoundaryInterface
com.google.android.material.transformation.ExpandableBehavior
androidx.lifecycle.ProcessLifecycleOwner$attach$1
com.google.android.material.chip.Chip
com.google.android.material.behavior.SwipeDismissBehavior
com.google.android.material.datepicker.MaterialCalendar
androidx.activity.ComponentActivity$4
org.chromium.support_lib_boundary.JsReplyProxyBoundaryInterface
com.google.android.material.internal.ClippableRoundedCornerLayout
com.google.android.material.timepicker.ClockFaceView
org.chromium.support_lib_boundary.ProfileBoundaryInterface
androidx.core.app.RemoteActionCompatParcelizer
androidx.appcompat.view.menu.ListMenuItemView
androidx.recyclerview.widget.StaggeredGridLayoutManager$SavedState
androidx.transition.FragmentTransitionSupport
androidx.loader.app.LoaderManagerImpl$LoaderViewModel
org.chromium.support_lib_boundary.WebViewProviderFactoryBoundaryInterface
androidx.fragment.app.FragmentManager$LaunchedFragmentInfo
com.google.android.material.behavior.HideBottomViewOnScrollBehavior
androidx.fragment.app.DialogFragment
com.google.android.material.appbar.AppBarLayout$BaseBehavior$SavedState
androidx.fragment.app.BackStackState
com.google.android.material.bottomsheet.BottomSheetBehavior
androidx.lifecycle.SingleGeneratedAdapterObserver
org.chromium.support_lib_boundary.SafeBrowsingResponseBoundaryInterface
androidx.core.widget.NestedScrollView
androidx.core.widget.NestedScrollView$SavedState
androidx.recyclerview.widget.LinearLayoutManager$SavedState
org.chromium.support_lib_boundary.WebSettingsBoundaryInterface$ForceDarkBehavior
androidx.lifecycle.LifecycleDispatcher$DispatcherActivityCallback
com.google.android.material.search.SearchBar$SavedState
androidx.appcompat.widget.FitWindowsFrameLayout
androidx.viewpager2.adapter.FragmentStateAdapter$FragmentMaxLifecycleEnforcer$3
com.google.android.material.navigation.NavigationBarView$SavedState
androidx.recyclerview.widget.GridLayoutManager
androidx.lifecycle.SavedStateHandleAttacher
org.chromium.support_lib_boundary.ServiceWorkerWebSettingsBoundaryInterface
androidx.activity.result.ActivityResultRegistry$1
com.google.android.material.stateful.ExtendableSavedState
com.google.android.material.bottomappbar.BottomAppBar$Behavior
com.google.android.material.internal.NavigationMenuView
androidx.activity.ImmLeaksCleaner
org.chromium.support_lib_boundary.WebViewClientBoundaryInterface
com.google.android.material.snackbar.BaseTransientBottomBar$Behavior
org.chromium.support_lib_boundary.ProxyControllerBoundaryInterface