src-tauri/gen/android/app/build/outputs/mapping/release/usage.txt
com.wasmimageprocessor.app.MainActivity:
    private static final java.lang.String TAG
com.wasmimageprocessor.app.R$color
com.wasmimageprocessor.app.R$mipmap
com.wasmimageprocessor.app.R$string
com.wasmimageprocessor.app.R$style
com.wasmimageprocessor.app.R$xml
com.wasmimageprocessor.app.R
com.wasmimageprocessor.app.MainActivity$$InternalSyntheticLambda$3$46bb7005b450f91b5524f6bcc8f26a7c39071545eba4682235b69531a5b66d2c$0:
    public final synthetic kotlin.jvm.internal.Ref$IntRef f$2
com.wasmimageprocessor.app.MainActivity$Companion
com.wasmimageprocessor.app.MainActivity:
    public static final com.wasmimageprocessor.app.MainActivity$Companion Companion
    static void <clinit>()
    public static void handleRequest()
    public static void loadFromFileSystem()
    public static void requestNotificationPermission()
    public static void startLocalServer()
...
androidx.emoji2.text.flatbuffer.DoubleVector
androidx.emoji2.text.flatbuffer.FlatBufferBuilder$ByteBufferBackedInputStream
androidx.emoji2.text.flatbuffer.FlatBufferBuilder$ByteBufferFactory
androidx.emoji2.text.flatbuffer.FlatBufferBuilder$HeapByteBufferFactory
androidx.emoji2.text.flatbuffer.FlatBufferBuilder
androidx.emoji2.text.flatbuffer.FlexBuffers$Blob
androidx.emoji2.text.flatbuffer.FlexBuffers$FlexBufferException
androidx.emoji2.text.flatbuffer.FlexBuffers$Key
androidx.emoji2.text.flatbuffer.FlexBuffers$KeyVector
androidx.emoji2.text.flatbuffer.FlexBuffers$Map
androidx.emoji2.text.flatbuffer.FlexBuffers$Object
androidx.emoji2.text.flatbuffer.FlexBuffers$Reference
androidx.emoji2.text.flatbuffer.FlexBuffers$Sized
androidx.emoji2.text.flatbuffer.FlexBuffers$TypedVector
androidx.emoji2.text.flatbuffer.FlexBuffers$Unsigned
androidx.emoji2.text.flatbuffer.FlexBuffers$Vector
androidx.emoji2.text.flatbuffer.FlexBuffers
androidx.emoji2.text.flatbuffer.FlexBuffersBuilder$1
androidx.emoji2.text.flatbuffer.FlexBuffersBuilder$Value
androidx.emoji2.text.flatbuffer.FlexBuffersBuilder
androidx.emoji2.text.flatbuffer.FloatVector
androidx.emoji2.text.flatbuffer.IntVector
androidx.emoji2.text.flatbuffer.LongVector
androidx.emoji2.text.flatbuffer.MetadataItem$Vector
androidx.emoji2.text.flatbuffer.MetadataItem:
    public static void ValidateVersion()
    static synthetic int access$000(int,java.nio.ByteBuffer)
    public static void addCodepoints(androidx.emoji2.text.flatbuffer.FlatBufferBuilder,int)
    public static void addCompatAdded(androidx.emoji2.text.flatbuffer.FlatBufferBuilder,short)
    public static void addEmojiStyle(androidx.emoji2.text.flatbuffer.FlatBufferBuilder,boolean)
    public static void addHeight(androidx.emoji2.text.flatbuffer.FlatBufferBuilder,short)
    public static void addId(androidx.emoji2.text.flatbuffer.FlatBufferBuilder,int)
    public static void addSdkAdded(androidx.emoji2.text.flatbuffer.FlatBufferBuilder,short)
    public static void addWidth(androidx.emoji2.text.flatbuffer.FlatBufferBuilder,short)
    public java.nio.ByteBuffer codepointsAsByteBuffer()
    public java.nio.ByteBuffer codepointsInByteBuffer(java.nio.ByteBuffer)
    public androidx.emoji2.text.flatbuffer.IntVector codepointsVector()
    public androidx.emoji2.text.flatbuffer.IntVector codepointsVector(androidx.emoji2.text.flatbuffer.IntVector)
    public short compatAdded()
    public static int createCodepointsVector(androidx.emoji2.text.flatbuffer.FlatBufferBuilder,int[])
    public static int createMetadataItem(androidx.emoji2.text.flatbuffer.FlatBufferBuilder,int,boolean,short,short,short,short,int)
    public static int endMetadataItem(androidx.emoji2.text.flatbuffer.FlatBufferBuilder)
androidx.emoji2.text.flatbuffer.MetadataList$Vector